TestArea/app/build/intermediates/manifest_merge_blame_file/debug/manifest-merger-blame-debug-report.txt
1<?xml version="1.0" encoding="utf-8"?>
2<manifest xmlns:android="http://schemas.android.com/apk/res/android"
3    package="com.example.testarea"
4    android:versionCode="1"
5    android:versionName="1.0" >
6
7    <uses-sdk
8        android:minSdkVersion="15"
8-->src/main/AndroidManifest.xml
9        android:targetSdkVersion="29" />
9-->src/main/AndroidManifest.xml
10
11    <uses-permission android:name="android.permission.INTERNET" />
11-->src/main/AndroidManifest.xml:5:5-67
11-->src/main/AndroidManifest.xml:5:22-64
12    <uses-permission android:name="android.permission.ACCESS_NETWORK_STATE" />
12-->src/main/AndroidManifest.xml:6:5-79
12-->src/main/AndroidManifest.xml:6:22-76
13
14    <application
14-->src/main/AndroidManifest.xml:8:5-62:19
15        android:allowBackup="true"
15-->src/main/AndroidManifest.xml:9:9-35
16        android:appComponentFactory="androidx.core.app.CoreComponentFactory"
16-->[androidx.core:core:1.0.1] AndroidManifest.xml:22:18-86
17        android:debuggable="true"
18        android:icon="@mipmap/ic_launcher"
18-->src/main/AndroidManifest.xml:10:9-43
19        android:label="@string/app_name"
19-->src/main/AndroidManifest.xml:11:9-41
20        android:roundIcon="@mipmap/ic_launcher_round"
20-->src/main/AndroidManifest.xml:12:9-54
21        android:supportsRtl="true"
21-->src/main/AndroidManifest.xml:13:9-35
22        android:testOnly="true"
23        android:theme="@style/AppTheme"
23-->src/main/AndroidManifest.xml:14:9-40
24        android:usesCleartextTraffic="true" >
24-->src/main/AndroidManifest.xml:15:9-44
25        <activity
25-->src/main/AndroidManifest.xml:16:9-19:68
26            android:name="com.example.testarea.NasaActivity"
26-->src/main/AndroidManifest.xml:17:13-41
27            android:label="@string/title_activity_nasa"
27-->src/main/AndroidManifest.xml:18:13-56
28            android:theme="@style/AppTheme.NoActionBar" />
28-->src/main/AndroidManifest.xml:19:13-56
29        <activity
29-->src/main/AndroidManifest.xml:20:9-23:59
30            android:name="com.example.testarea.SteamActivity"
30-->src/main/AndroidManifest.xml:21:13-42
31            android:label="@string/title_activity_steam"
31-->src/main/AndroidManifest.xml:22:13-57
32            android:theme="@style/AppTheme.NoActionBar" />
32-->src/main/AndroidManifest.xml:23:13-56
33        <activity
33-->src/main/AndroidManifest.xml:24:9-27:59
34            android:name="com.example.testarea.PollutionActivity"
34-->src/main/AndroidManifest.xml:25:13-46
35            android:label="@string/title_activity_pollution"
35-->src/main/AndroidManifest.xml:26:13-61
36            android:theme="@style/AppTheme.NoActionBar" />
36-->src/main/AndroidManifest.xml:27:13-56
37        <activity
37-->src/main/AndroidManifest.xml:28:9-31:59
38            android:name="com.example.testarea.WeatherActivity"
38-->src/main/AndroidManifest.xml:29:13-44
39            android:label="@string/title_activity_weather"
39-->src/main/AndroidManifest.xml:30:13-59
40            android:theme="@style/AppTheme.NoActionBar" />
40-->src/main/AndroidManifest.xml:31:13-56
41        <activity
41-->src/main/AndroidManifest.xml:32:9-35:59
42            android:name="com.example.testarea.NYActivity"
42-->src/main/AndroidManifest.xml:33:13-39
43            android:label="@string/title_activity_ny"
43-->src/main/AndroidManifest.xml:34:13-54
44            android:theme="@style/AppTheme.NoActionBar" />
44-->src/main/AndroidManifest.xml:35:13-56
45        <activity
45-->src/main/AndroidManifest.xml:36:9-39:59
46            android:name="com.example.testarea.LolActivity"
46-->src/main/AndroidManifest.xml:37:13-40
47            android:label="@string/title_activity_lol"
47-->src/main/AndroidManifest.xml:38:13-55
48            android:theme="@style/AppTheme.NoActionBar" />
48-->src/main/AndroidManifest.xml:39:13-56
49        <activity
49-->src/main/AndroidManifest.xml:40:9-43:59
50            android:name="com.example.testarea.BitcoinActivity"
50-->src/main/AndroidManifest.xml:41:13-44
51            android:label="Area : Bitcoin"
51-->src/main/AndroidManifest.xml:42:13-43
52            android:theme="@style/AppTheme.NoActionBar" />
52-->src/main/AndroidManifest.xml:43:13-56
53        <activity
53-->src/main/AndroidManifest.xml:44:9-53:20
54            android:name="com.example.testarea.MainActivity"
54-->src/main/AndroidManifest.xml:45:13-41
55            android:label="Area"
55-->src/main/AndroidManifest.xml:46:13-33
56            android:theme="@style/AppTheme.NoActionBar" >
56-->src/main/AndroidManifest.xml:47:13-56
57            <intent-filter>
57-->src/main/AndroidManifest.xml:48:13-52:29
58                <action android:name="android.intent.action.MAIN" />
58-->src/main/AndroidManifest.xml:49:17-69
58-->src/main/AndroidManifest.xml:49:25-66
59
60                <category android:name="android.intent.category.LAUNCHER" />
60-->src/main/AndroidManifest.xml:51:17-77
60-->src/main/AndroidManifest.xml:51:27-74
61            </intent-filter>
62        </activity>
63        <activity
63-->src/main/AndroidManifest.xml:54:9-57:59
64            android:name="com.example.testarea.SecondActivity"
64-->src/main/AndroidManifest.xml:55:13-43
65            android:label="Area"
65-->src/main/AndroidManifest.xml:56:13-33
66            android:theme="@style/AppTheme.NoActionBar" />
66-->src/main/AndroidManifest.xml:57:13-56
67        <activity
67-->src/main/AndroidManifest.xml:58:9-61:59
68            android:name="com.example.testarea.RegisterActivity"
68-->src/main/AndroidManifest.xml:59:13-45
69            android:label="Area"
69-->src/main/AndroidManifest.xml:60:13-33
70            android:theme="@style/AppTheme.NoActionBar" />
70-->src/main/AndroidManifest.xml:61:13-56
71    </application>
72
73</manifest>